<?xml version="1.0" encoding="UTF-8"?>
<!-- Generated by org.testng.reporters.JUnitXMLReporter -->
<testsuite ignored="1" hostname="AjithR366" failures="0" tests="2" name="Test" time="0.105" errors="0" timestamp="2022-12-15T16:48:33 IST">
  <testcase classname="testNGDemo.Batch2" name="m2" time="0.013"/>
  <testcase classname="testNGDemo.Batch1" name="m1" time="0.007"/>
  <testcase classname="testNGDemo.Batch3" name="m3" time="0.0">
    <ignored/>
  </testcase> <!-- m3 -->
</testsuite> <!-- Test -->
