<?xml version="1.0" encoding="UTF-8"?>
<!-- Generated by org.testng.reporters.JUnitXMLReporter -->
<testsuite ignored="0" hostname="AjithR366" failures="1" tests="4" name="Test" time="0.088" errors="0" timestamp="2023-01-13T21:19:01 IST">
  <testcase classname="analyser.Demo3" name="test" time="0.014">
    <skipped/>
  </testcase> <!-- test -->
  <testcase classname="analyser.Demo3" name="test" time="0.001">
    <skipped/>
  </testcase> <!-- test -->
  <testcase classname="analyser.Demo3" name="test" time="0.003">
    <skipped/>
  </testcase> <!-- test -->
  <testcase classname="analyser.Demo3" name="test" time="0.001">
    <failure type="java.lang.AssertionError" message="expected [false] but found [true]">
      <![CDATA[java.lang.AssertionError: expected [false] but found [true]
at analyser.Demo3.test(Demo3.java:11)
at java.base/java.util.ArrayList.forEach(ArrayList.java:1511)
... Removed 33 stack frames]]>
    </failure>
  </testcase> <!-- test -->
</testsuite> <!-- Test -->
